\BOOKMARK [1][-]{section.1}{Introduction}{}% 1
\BOOKMARK [1][-]{section.2}{Installing Pyethereum and Serpent}{}% 2
\BOOKMARK [1][-]{section.3}{Using Pyethereum Tester}{}% 3
\BOOKMARK [2][-]{subsection.3.1}{Testing Contracts with Multiple Parties}{section.3}% 4
\BOOKMARK [1][-]{section.4}{Language Reference}{}% 5
\BOOKMARK [2][-]{subsection.4.1}{The log\(\) Function}{section.4}% 6
\BOOKMARK [2][-]{subsection.4.2}{Variables}{section.4}% 7
\BOOKMARK [3][-]{section*.2}{Special Variables}{subsection.4.2}% 8
\BOOKMARK [2][-]{subsection.4.3}{Control Flow}{section.4}% 9
\BOOKMARK [2][-]{subsection.4.4}{Loops}{section.4}% 10
\BOOKMARK [2][-]{subsection.4.5}{Arrays}{section.4}% 11
\BOOKMARK [2][-]{subsection.4.6}{Strings}{section.4}% 12
\BOOKMARK [3][-]{section*.3}{Short Strings}{subsection.4.6}% 13
\BOOKMARK [4][-]{section*.4}{Long Strings}{section*.3}% 14
\BOOKMARK [2][-]{subsection.4.7}{Functions}{section.4}% 15
\BOOKMARK [3][-]{section*.5}{Special Function Blocks}{subsection.4.7}% 16
\BOOKMARK [2][-]{subsection.4.8}{Persistant Data Structures}{section.4}% 17
\BOOKMARK [2][-]{subsection.4.9}{Hashing}{section.4}% 18
\BOOKMARK [2][-]{subsection.4.10}{Random Number Generation}{section.4}% 19
\BOOKMARK [1][-]{section.5}{Basic Serpent Contract Example}{}% 20
\BOOKMARK [1][-]{section.6}{Moderate Serpent Contract Example}{}% 21
\BOOKMARK [1][-]{section.7}{An Advanced Contract Example}{}% 22
\BOOKMARK [2][-]{subsection.7.1}{Contract Theft}{section.7}% 23
\BOOKMARK [2][-]{subsection.7.2}{Failing to use Cryptography}{section.7}% 24
\BOOKMARK [2][-]{subsection.7.3}{Incentive incompatability}{section.7}% 25
\BOOKMARK [2][-]{subsection.7.4}{Rock, Paper, Scissor Contract}{section.7}% 26
\BOOKMARK [1][-]{section.8}{Resource Overview}{}% 27
