\BOOKMARK [1][-]{section.1}{Introduction}{}% 1
\BOOKMARK [1][-]{section.2}{Ethereum Tools}{}% 2
\BOOKMARK [2][-]{subsection.2.1}{Acquiring the Virtual Machine}{section.2}% 3
\BOOKMARK [2][-]{subsection.2.2}{Installing Pyethereum and Serpent}{section.2}% 4
\BOOKMARK [1][-]{section.3}{Using Pyethereum Tester}{}% 5
\BOOKMARK [2][-]{subsection.3.1}{Testing Contracts with Multiple Parties}{section.3}% 6
\BOOKMARK [1][-]{section.4}{Language Reference}{}% 7
\BOOKMARK [2][-]{subsection.4.1}{The log\(\) Function}{section.4}% 8
\BOOKMARK [2][-]{subsection.4.2}{Variables}{section.4}% 9
\BOOKMARK [3][-]{section*.2}{Special Variables}{subsection.4.2}% 10
\BOOKMARK [2][-]{subsection.4.3}{Control Flow}{section.4}% 11
\BOOKMARK [2][-]{subsection.4.4}{Loops}{section.4}% 12
\BOOKMARK [2][-]{subsection.4.5}{Arrays}{section.4}% 13
\BOOKMARK [2][-]{subsection.4.6}{Strings}{section.4}% 14
\BOOKMARK [3][-]{section*.3}{Short Strings}{subsection.4.6}% 15
\BOOKMARK [4][-]{section*.4}{Long Strings}{section*.3}% 16
\BOOKMARK [2][-]{subsection.4.7}{Functions}{section.4}% 17
\BOOKMARK [3][-]{section*.5}{Special Function Blocks}{subsection.4.7}% 18
\BOOKMARK [2][-]{subsection.4.8}{Sending Wei}{section.4}% 19
\BOOKMARK [2][-]{subsection.4.9}{Persistant Data Structures}{section.4}% 20
\BOOKMARK [3][-]{section*.6}{Self.storage[]}{subsection.4.9}% 21
\BOOKMARK [2][-]{subsection.4.10}{Hashing}{section.4}% 22
\BOOKMARK [2][-]{subsection.4.11}{Random Number Generation}{section.4}% 23
\BOOKMARK [2][-]{subsection.4.12}{The Callstack}{section.4}% 24
\BOOKMARK [1][-]{section.5}{Basic Serpent Contract Example}{}% 25
\BOOKMARK [1][-]{section.6}{Moderate Serpent Contract Example}{}% 26
\BOOKMARK [1][-]{section.7}{Resource Overview}{}% 27
