This is pdfTeX, Version 3.1415926-2.5-1.40.14 (MiKTeX 2.9 64-bit) (preloaded format=pdflatex 2015.4.7)  2 NOV 2015 00:25
entering extended mode
**tr-bitcoinworkshop.tex
(C:\Users\Ahmed\Documents\GitHub\ethereum4\ethereum\Guides\tr-bitcoinworkshop.tex
LaTeX2e <2011/06/27>
Babel <v3.8m> and hyphenation patterns for english, afrikaans, ancientgreek, arabic, armenian, assamese, basque, bengali
, bokmal, bulgarian, catalan, coptic, croatian, czech, danish, dutch, esperanto, estonian, farsi, finnish, french, galic
ian, german, german-x-2013-05-26, greek, gujarati, hindi, hungarian, icelandic, indonesian, interlingua, irish, italian,
 kannada, kurmanji, latin, latvian, lithuanian, malayalam, marathi, mongolian, mongolianlmc, monogreek, ngerman, ngerman
-x-2013-05-26, nynorsk, oriya, panjabi, pinyin, polish, portuguese, romanian, russian, sanskrit, serbian, slovak, sloven
ian, spanish, swedish, swissgerman, tamil, telugu, turkish, turkmen, ukenglish, ukrainian, uppersorbian, usenglishmax, w
elsh, loaded.
(C:\Users\Ahmed\Documents\GitHub\ethereum4\ethereum\Guides\llncs.cls
Document Class: llncs 2014/03/31 v2.19 
 LaTeX document class for Lecture Notes in Computer Science
("C:\Program Files\MiKTeX 2.9\tex\latex\base\article.cls"
Document Class: article 2007/10/19 v1.4h Standard LaTeX document class
("C:\Program Files\MiKTeX 2.9\tex\latex\base\size10.clo"
File: size10.clo 2007/10/19 v1.4h Standard LaTeX file (size option)
)
\c@part=\count79
\c@section=\count80
\c@subsection=\count81
\c@subsubsection=\count82
\c@paragraph=\count83
\c@subparagraph=\count84
\c@figure=\count85
\c@table=\count86
\abovecaptionskip=\skip41
\belowcaptionskip=\skip42
\bibindent=\dimen102
) ("C:\Program Files\MiKTeX 2.9\tex\latex\tools\multicol.sty"
Package: multicol 2011/06/27 v1.7a multicolumn formatting (FMi)
\c@tracingmulticols=\count87
\mult@box=\box26
\multicol@leftmargin=\dimen103
\c@unbalance=\count88
\c@collectmore=\count89
\doublecol@number=\count90
\multicoltolerance=\count91
\multicolpretolerance=\count92
\full@width=\dimen104
\page@free=\dimen105
\premulticols=\dimen106
\postmulticols=\dimen107
\multicolsep=\skip43
\multicolbaselineskip=\skip44
\partial@page=\box27
\last@line=\box28
\mult@rightbox=\box29
\mult@grightbox=\box30
\mult@gfirstbox=\box31
\mult@firstbox=\box32
\@tempa=\box33
\@tempa=\box34
\@tempa=\box35
\@tempa=\box36
\@tempa=\box37
\@tempa=\box38
\@tempa=\box39
\@tempa=\box40
\@tempa=\box41
\@tempa=\box42
\@tempa=\box43
\@tempa=\box44
\@tempa=\box45
\@tempa=\box46
\@tempa=\box47
\@tempa=\box48
\@tempa=\box49
\c@columnbadness=\count93
\c@finalcolumnbadness=\count94
\last@try=\dimen108
\multicolovershoot=\dimen109
\multicolundershoot=\dimen110
\mult@nat@firstbox=\box50
\colbreak@box=\box51
\multicol@sort@counter=\count95
)
("C:\Program Files\MiKTeX 2.9\tex\latex\oberdiek\aliascnt.sty"
Package: aliascnt 2009/09/08 v1.3 Alias counters (HO)

("C:\Program Files\MiKTeX 2.9\tex\latex\carlisle\remreset.sty"))
\c@chapter=\count96
LaTeX Font Info:    Redeclaring math symbol \Gamma on input line 362.
LaTeX Font Info:    Redeclaring math symbol \Delta on input line 363.
LaTeX Font Info:    Redeclaring math symbol \Theta on input line 364.
LaTeX Font Info:    Redeclaring math symbol \Lambda on input line 365.
LaTeX Font Info:    Redeclaring math symbol \Xi on input line 366.
LaTeX Font Info:    Redeclaring math symbol \Pi on input line 367.
LaTeX Font Info:    Redeclaring math symbol \Sigma on input line 368.
LaTeX Font Info:    Redeclaring math symbol \Upsilon on input line 369.
LaTeX Font Info:    Redeclaring math symbol \Phi on input line 370.
LaTeX Font Info:    Redeclaring math symbol \Psi on input line 371.
LaTeX Font Info:    Redeclaring math symbol \Omega on input line 372.
\tocchpnum=\dimen111
\tocsecnum=\dimen112
\tocsectotal=\dimen113
\tocsubsecnum=\dimen114
\tocsubsectotal=\dimen115
\tocsubsubsecnum=\dimen116
\tocsubsubsectotal=\dimen117
\tocparanum=\dimen118
\tocparatotal=\dimen119
\tocsubparanum=\dimen120
\@tempcntc=\count97
\fnindent=\dimen121
\c@@inst=\count98
\c@@auth=\count99
\c@auco=\count100
\instindent=\dimen122
\authrun=\box52
\authorrunning=\toks14
\tocauthor=\toks15
\titrun=\box53
\titlerunning=\toks16
\toctitle=\toks17
\c@theorem=\count101
\c@case=\count102
\c@conjecture=\count103
\c@corollary=\count104
\c@definition=\count105
\c@example=\count106
\c@exercise=\count107
\c@lemma=\count108
\c@note=\count109
\c@problem=\count110
\c@property=\count111
\c@proposition=\count112
\c@question=\count113
\c@solution=\count114
\c@remark=\count115
\headlineindent=\dimen123
)
(C:\Users\Ahmed\AppData\Roaming\MiKTeX\2.9\tex\latex\subfigure\subfigure.sty
Package: subfigure 2002/07/30 v2.1.4 subfigure package
\subfigtopskip=\skip45
\subfigcapskip=\skip46
\subfigcaptopadj=\dimen124
\subfigbottomskip=\skip47
\subfigcapmargin=\dimen125
\subfiglabelskip=\skip48
\c@subfigure=\count116
\c@lofdepth=\count117
\c@subtable=\count118
\c@lotdepth=\count119

****************************************
* Local config file subfigure.cfg used *
****************************************
(C:\Users\Ahmed\AppData\Roaming\MiKTeX\2.9\tex\latex\subfigure\subfigure.cfg)
\subfig@top=\skip49
\subfig@bottom=\skip50
)
(C:\Users\Ahmed\AppData\Roaming\MiKTeX\2.9\tex\latex\listings\listings.sty
("C:\Program Files\MiKTeX 2.9\tex\latex\graphics\keyval.sty"
Package: keyval 1999/03/16 v1.13 key=value parser (DPC)
\KV@toks@=\toks18
)
\lst@mode=\count120
\lst@gtempboxa=\box54
\lst@token=\toks19
\lst@length=\count121
\lst@currlwidth=\dimen126
\lst@column=\count122
\lst@pos=\count123
\lst@lostspace=\dimen127
\lst@width=\dimen128
\lst@newlines=\count124
\lst@lineno=\count125
\lst@maxwidth=\dimen129

(C:\Users\Ahmed\AppData\Roaming\MiKTeX\2.9\tex\latex\listings\lstmisc.sty
File: lstmisc.sty 2014/09/06 1.5e (Carsten Heinz)
\c@lstnumber=\count126
\lst@skipnumbers=\count127
\lst@framebox=\box55
)
(C:\Users\Ahmed\AppData\Roaming\MiKTeX\2.9\tex\latex\listings\listings.cfg
File: listings.cfg 2014/09/06 1.5e listings configuration
))
Package: listings 2014/09/06 1.5e (Carsten Heinz)

(C:\Users\Ahmed\AppData\Roaming\MiKTeX\2.9\tex\latex\cite\cite.sty
LaTeX Info: Redefining \cite on input line 302.
LaTeX Info: Redefining \nocite on input line 332.
Package: cite 2015/02/27  v 5.5
)
(C:\Users\Ahmed\AppData\Roaming\MiKTeX\2.9\tex\latex\framed\framed.sty
Package: framed 2011/10/22 v 0.96: framed or shaded text with page breaks
\OuterFrameSep=\skip51
\fb@frw=\dimen130
\fb@frh=\dimen131
\FrameRule=\dimen132
\FrameSep=\dimen133
)
(C:\Users\Ahmed\AppData\Roaming\MiKTeX\2.9\tex\latex\enumitem\enumitem.sty
Package: enumitem 2011/09/28 v3.5.2 Customized lists
\labelindent=\skip52
\enit@outerparindent=\dimen134
\enit@toks=\toks20
\enit@inbox=\box56
\enitdp@description=\count128
)
(C:\Users\Ahmed\AppData\Roaming\MiKTeX\2.9\tex\latex\xcolor\xcolor.sty
Package: xcolor 2007/01/21 v2.11 LaTeX color extensions (UK)

("C:\Program Files\MiKTeX 2.9\tex\latex\00miktex\color.cfg"
File: color.cfg 2007/01/18 v1.5 color configuration of teTeX/TeXLive
)
Package xcolor Info: Package option `usenames' ignored on input line 216.
Package xcolor Info: Driver file: pdftex.def on input line 225.

("C:\Program Files\MiKTeX 2.9\tex\latex\pdftex-def\pdftex.def"
File: pdftex.def 2011/05/27 v0.06d Graphics/color for pdfTeX

("C:\Program Files\MiKTeX 2.9\tex\generic\oberdiek\infwarerr.sty"
Package: infwarerr 2010/04/08 v1.3 Providing info/warning/error messages (HO)
)
("C:\Program Files\MiKTeX 2.9\tex\generic\oberdiek\ltxcmds.sty"
Package: ltxcmds 2011/11/09 v1.22 LaTeX kernel commands for general use (HO)
)
\Gread@gobject=\count129
)
(C:\Users\Ahmed\AppData\Roaming\MiKTeX\2.9\tex\latex\colortbl\colortbl.sty
Package: colortbl 2012/02/13 v1.0a Color table columns (DPC)

("C:\Program Files\MiKTeX 2.9\tex\latex\tools\array.sty"
Package: array 2008/09/09 v2.4c Tabular extension package (FMi)
\col@sep=\dimen135
\extrarowheight=\dimen136
\NC@list=\toks21
\extratabsurround=\skip53
\backup@length=\skip54
)
\everycr=\toks22
\minrowclearance=\skip55
)
\rownum=\count130
Package xcolor Info: Model `cmy' substituted by `cmy0' on input line 1337.
Package xcolor Info: Model `hsb' substituted by `rgb' on input line 1341.
Package xcolor Info: Model `RGB' extended on input line 1353.
Package xcolor Info: Model `HTML' substituted by `rgb' on input line 1355.
Package xcolor Info: Model `Hsb' substituted by `hsb' on input line 1356.
Package xcolor Info: Model `tHsb' substituted by `hsb' on input line 1357.
Package xcolor Info: Model `HSB' substituted by `hsb' on input line 1358.
Package xcolor Info: Model `Gray' substituted by `gray' on input line 1359.
Package xcolor Info: Model `wave' substituted by `hsb' on input line 1360.
 ("C:\Program Files\MiKTeX 2.9\tex\latex\graphics\dvipsnam.def"
File: dvipsnam.def 1999/02/16 v3.0i Driver-dependant file (DPC,SPQR)
) (C:\Users\Ahmed\AppData\Roaming\MiKTeX\2.9\tex\latex\xcolor\svgnam.def
File: svgnam.def 2007/01/21 v2.11 Predefined colors according to SVG 1.1 (UK)
))
(C:\Users\Ahmed\AppData\Roaming\MiKTeX\2.9\tex\latex\mdframed\mdframed.sty
Package: mdframed 2013/07/01 1.9b: mdframed

("C:\Program Files\MiKTeX 2.9\tex\latex\oberdiek\kvoptions.sty"
Package: kvoptions 2011/06/30 v3.11 Key value format for package options (HO)

("C:\Program Files\MiKTeX 2.9\tex\generic\oberdiek\kvsetkeys.sty"
Package: kvsetkeys 2012/04/25 v1.16 Key value parser (HO)

("C:\Program Files\MiKTeX 2.9\tex\generic\oberdiek\etexcmds.sty"
Package: etexcmds 2011/02/16 v1.5 Avoid name clashes with e-TeX commands (HO)

("C:\Program Files\MiKTeX 2.9\tex\generic\oberdiek\ifluatex.sty"
Package: ifluatex 2010/03/01 v1.3 Provides the ifluatex switch (HO)
Package ifluatex Info: LuaTeX not detected.
)
Package etexcmds Info: Could not find \expanded.
(etexcmds)             That can mean that you are not using pdfTeX 1.50 or
(etexcmds)             that some package has redefined \expanded.
(etexcmds)             In the latter case, load this package earlier.
)))
(C:\Users\Ahmed\AppData\Roaming\MiKTeX\2.9\tex\latex\l3packages\xparse\xparse.sty
(C:\Users\Ahmed\AppData\Roaming\MiKTeX\2.9\tex\latex\l3kernel\expl3.sty
Package: expl3 2015/03/01 v5547 L3 programming layer (loader) 

(C:\Users\Ahmed\AppData\Roaming\MiKTeX\2.9\tex\latex\l3kernel\expl3-code.tex
Package: expl3 2015/03/01 v5547 L3 programming layer (code) 
L3 Module: l3bootstrap 2015/02/28 v5542 L3 Bootstrap code

("C:\Program Files\MiKTeX 2.9\tex\latex\misc\etex.sty"
Package: etex 1998/03/26 v2.0 eTeX basic definition package (PEB)
\et@xins=\count131
)
L3 Module: l3names 2015/02/24 v5535 L3 Namespace for primitives
L3 Module: l3basics 2015/01/27 v5500 L3 Basic definitions
L3 Module: l3expan 2014/11/27 v5472 L3 Argument expansion
L3 Module: l3tl 2015/01/27 v5500 L3 Token lists
L3 Module: l3str 2015/03/01 v5545 L3 Strings
L3 Module: l3seq 2014/08/23 v5354 L3 Sequences and stacks
L3 Module: l3int 2015/02/21 v5529 L3 Integers
\c_max_int=\count132
\l_tmpa_int=\count133
\l_tmpb_int=\count134
\g_tmpa_int=\count135
\g_tmpb_int=\count136
L3 Module: l3quark 2014/08/23 v5354 L3 Quarks
L3 Module: l3prg 2014/08/23 v5354 L3 Control structures
\g__prg_map_int=\count137
L3 Module: l3clist 2014/08/23 v5354 L3 Comma separated lists
L3 Module: l3token 2014/09/15 v5422 L3 Experimental token manipulation
L3 Module: l3prop 2014/08/23 v5354 L3 Property lists
L3 Module: l3msg 2015/02/26 v5537 L3 Messages
L3 Module: l3file 2014/08/24 v5369 L3 File and I/O operations
\l_iow_line_count_int=\count138
\l__iow_target_count_int=\count139
\l__iow_current_line_int=\count140
\l__iow_current_word_int=\count141
\l__iow_current_indentation_int=\count142
L3 Module: l3skip 2014/08/23 v5354 L3 Dimensions and skips
\c_zero_dim=\dimen137
\c_max_dim=\dimen138
\l_tmpa_dim=\dimen139
\l_tmpb_dim=\dimen140
\g_tmpa_dim=\dimen141
\g_tmpb_dim=\dimen142
\c_zero_skip=\skip56
\c_max_skip=\skip57
\l_tmpa_skip=\skip58
\l_tmpb_skip=\skip59
\g_tmpa_skip=\skip60
\g_tmpb_skip=\skip61
\c_zero_muskip=\muskip10
\c_max_muskip=\muskip11
\l_tmpa_muskip=\muskip12
\l_tmpb_muskip=\muskip13
\g_tmpa_muskip=\muskip14
\g_tmpb_muskip=\muskip15
L3 Module: l3keys 2015/01/27 v5500 L3 Key-value interfaces
\g__keyval_level_int=\count143
\l_keys_choice_int=\count144
L3 Module: l3fp 2014/08/22 v5336 L3 Floating points
\c__fp_leading_shift_int=\count145
\c__fp_middle_shift_int=\count146
\c__fp_trailing_shift_int=\count147
\c__fp_big_leading_shift_int=\count148
\c__fp_big_middle_shift_int=\count149
\c__fp_big_trailing_shift_int=\count150
\c__fp_Bigg_leading_shift_int=\count151
\c__fp_Bigg_middle_shift_int=\count152
\c__fp_Bigg_trailing_shift_int=\count153
L3 Module: l3box 2014/08/23 v5354 L3 Experimental boxes
\c_empty_box=\box57
\l_tmpa_box=\box58
\l_tmpb_box=\box59
\g_tmpa_box=\box60
\g_tmpb_box=\box61
L3 Module: l3coffins 2014/08/23 v5354 L3 Coffin code layer
\l__coffin_internal_box=\box62
\l__coffin_internal_dim=\dimen143
\l__coffin_offset_x_dim=\dimen144
\l__coffin_offset_y_dim=\dimen145
\l__coffin_x_dim=\dimen146
\l__coffin_y_dim=\dimen147
\l__coffin_x_prime_dim=\dimen148
\l__coffin_y_prime_dim=\dimen149
\c_empty_coffin=\box63
\l__coffin_aligned_coffin=\box64
\l__coffin_aligned_internal_coffin=\box65
\l_tmpa_coffin=\box66
\l_tmpb_coffin=\box67
\l__coffin_display_coffin=\box68
\l__coffin_display_coord_coffin=\box69
\l__coffin_display_pole_coffin=\box70
\l__coffin_display_offset_dim=\dimen150
\l__coffin_display_x_dim=\dimen151
\l__coffin_display_y_dim=\dimen152
L3 Module: l3color 2014/08/23 v5354 L3 Experimental color support
L3 Module: l3candidates 2015/03/01 v5544 L3 Experimental additions to l3kernel
\l__box_top_dim=\dimen153
\l__box_bottom_dim=\dimen154
\l__box_left_dim=\dimen155
\l__box_right_dim=\dimen156
\l__box_top_new_dim=\dimen157
\l__box_bottom_new_dim=\dimen158
\l__box_left_new_dim=\dimen159
\l__box_right_new_dim=\dimen160
\l__box_internal_box=\box71
\l__coffin_bounding_shift_dim=\dimen161
\l__coffin_left_corner_dim=\dimen162
\l__coffin_right_corner_dim=\dimen163
\l__coffin_bottom_corner_dim=\dimen164
\l__coffin_top_corner_dim=\dimen165
\l__coffin_scaled_total_height_dim=\dimen166
\l__coffin_scaled_width_dim=\dimen167
)
(C:\Users\Ahmed\AppData\Roaming\MiKTeX\2.9\tex\latex\l3kernel\l3unicode-data.def
File: l3unicode-data.def 2015/03/01 v5544 L3 Unicode data
)
(C:\Users\Ahmed\AppData\Roaming\MiKTeX\2.9\tex\latex\l3kernel\l3pdfmode.def
File: l3pdfmode.def 2015/03/01 v5544 L3 Experimental driver: PDF mode
\l__driver_color_stack_int=\count154
))
Package: xparse 2014/11/25 v5471 L3 Experimental document command parser
\l__xparse_current_arg_int=\count155
\l__xparse_m_args_int=\count156
\l__xparse_mandatory_args_int=\count157
\l__xparse_processor_int=\count158
\l__xparse_v_nesting_int=\count159
)
(C:\Users\Ahmed\AppData\Roaming\MiKTeX\2.9\tex\latex\etoolbox\etoolbox.sty
Package: etoolbox 2015/03/19 v2.1d e-TeX tools for LaTeX (JAW)
\etb@tempcnta=\count160
)
("C:\Program Files\MiKTeX 2.9\tex\latex\oberdiek\zref-abspage.sty"
Package: zref-abspage 2012/04/04 v2.24 Module abspage for zref (HO)

("C:\Program Files\MiKTeX 2.9\tex\latex\oberdiek\zref-base.sty"
Package: zref-base 2012/04/04 v2.24 Module base for zref (HO)

("C:\Program Files\MiKTeX 2.9\tex\generic\oberdiek\kvdefinekeys.sty"
Package: kvdefinekeys 2011/04/07 v1.3 Define keys (HO)
)
("C:\Program Files\MiKTeX 2.9\tex\generic\oberdiek\pdftexcmds.sty"
Package: pdftexcmds 2011/11/29 v0.20 Utility functions of pdfTeX for LuaTeX (HO)

("C:\Program Files\MiKTeX 2.9\tex\generic\oberdiek\ifpdf.sty"
Package: ifpdf 2011/01/30 v2.3 Provides the ifpdf switch (HO)
Package ifpdf Info: pdfTeX in PDF mode is detected.
)
Package pdftexcmds Info: LuaTeX not detected.
Package pdftexcmds Info: \pdf@primitive is available.
Package pdftexcmds Info: \pdf@ifprimitive is available.
Package pdftexcmds Info: \pdfdraftmode found.
)
("C:\Program Files\MiKTeX 2.9\tex\latex\oberdiek\auxhook.sty"
Package: auxhook 2011/03/04 v1.3 Hooks for auxiliary files (HO)
)
Package zref Info: New property list: main on input line 759.
Package zref Info: New property: default on input line 760.
Package zref Info: New property: page on input line 761.
)
("C:\Program Files\MiKTeX 2.9\tex\generic\oberdiek\atbegshi.sty"
Package: atbegshi 2011/10/05 v1.16 At begin shipout hook (HO)
)
\c@abspage=\count161
Package zref Info: New property: abspage on input line 62.
)
(C:\Users\Ahmed\AppData\Roaming\MiKTeX\2.9\tex\latex\needspace\needspace.sty
Package: needspace 2010/09/12 v1.3d reserve vertical space
)
\mdf@templength=\skip62
\c@mdf@globalstyle@cnt=\count162
\mdf@skipabove@length=\skip63
\mdf@skipbelow@length=\skip64
\mdf@leftmargin@length=\skip65
\mdf@rightmargin@length=\skip66
\mdf@innerleftmargin@length=\skip67
\mdf@innerrightmargin@length=\skip68
\mdf@innertopmargin@length=\skip69
\mdf@innerbottommargin@length=\skip70
\mdf@splittopskip@length=\skip71
\mdf@splitbottomskip@length=\skip72
\mdf@outermargin@length=\skip73
\mdf@innermargin@length=\skip74
\mdf@linewidth@length=\skip75
\mdf@innerlinewidth@length=\skip76
\mdf@middlelinewidth@length=\skip77
\mdf@outerlinewidth@length=\skip78
\mdf@roundcorner@length=\skip79
\mdf@footenotedistance@length=\skip80
\mdf@userdefinedwidth@length=\skip81
\mdf@needspace@length=\skip82
\mdf@frametitleaboveskip@length=\skip83
\mdf@frametitlebelowskip@length=\skip84
\mdf@frametitlerulewidth@length=\skip85
\mdf@frametitleleftmargin@length=\skip86
\mdf@frametitlerightmargin@length=\skip87
\mdf@shadowsize@length=\skip88
\mdf@extratopheight@length=\skip89
\mdf@subtitleabovelinewidth@length=\skip90
\mdf@subtitlebelowlinewidth@length=\skip91
\mdf@subtitleaboveskip@length=\skip92
\mdf@subtitlebelowskip@length=\skip93
\mdf@subtitleinneraboveskip@length=\skip94
\mdf@subtitleinnerbelowskip@length=\skip95
\mdf@subsubtitleabovelinewidth@length=\skip96
\mdf@subsubtitlebelowlinewidth@length=\skip97
\mdf@subsubtitleaboveskip@length=\skip98
\mdf@subsubtitlebelowskip@length=\skip99
\mdf@subsubtitleinneraboveskip@length=\skip100
\mdf@subsubtitleinnerbelowskip@length=\skip101

(C:\Users\Ahmed\AppData\Roaming\MiKTeX\2.9\tex\latex\pgf\frontendlayer\tikz.sty
(C:\Users\Ahmed\AppData\Roaming\MiKTeX\2.9\tex\latex\pgf\basiclayer\pgf.sty
(C:\Users\Ahmed\AppData\Roaming\MiKTeX\2.9\tex\latex\pgf\utilities\pgfrcs.sty
(C:\Users\Ahmed\AppData\Roaming\MiKTeX\2.9\tex\generic\pgf\utilities\pgfutil-common.tex
\pgfutil@everybye=\toks23
\pgfutil@tempdima=\dimen168
\pgfutil@tempdimb=\dimen169

(C:\Users\Ahmed\AppData\Roaming\MiKTeX\2.9\tex\generic\pgf\utilities\pgfutil-common-lists.tex))
(C:\Users\Ahmed\AppData\Roaming\MiKTeX\2.9\tex\generic\pgf\utilities\pgfutil-latex.def
\pgfutil@abb=\box72

(C:\Users\Ahmed\AppData\Roaming\MiKTeX\2.9\tex\latex\ms\everyshi.sty
Package: everyshi 2001/05/15 v3.00 EveryShipout Package (MS)
))
(C:\Users\Ahmed\AppData\Roaming\MiKTeX\2.9\tex\generic\pgf\utilities\pgfrcs.code.tex
Package: pgfrcs 2013/12/20 v3.0.0 (rcs-revision 1.28)
))
Package: pgf 2013/12/18 v3.0.0 (rcs-revision 1.14)

(C:\Users\Ahmed\AppData\Roaming\MiKTeX\2.9\tex\latex\pgf\basiclayer\pgfcore.sty
("C:\Program Files\MiKTeX 2.9\tex\latex\graphics\graphicx.sty"
Package: graphicx 1999/02/16 v1.0f Enhanced LaTeX Graphics (DPC,SPQR)

("C:\Program Files\MiKTeX 2.9\tex\latex\graphics\graphics.sty"
Package: graphics 2009/02/05 v1.0o Standard LaTeX Graphics (DPC,SPQR)
 ("C:\Program Files\MiKTeX 2.9\tex\latex\graphics\trig.sty"
Package: trig 1999/03/16 v1.09 sin cos tan (DPC)
) ("C:\Program Files\MiKTeX 2.9\tex\latex\00miktex\graphics.cfg"
File: graphics.cfg 2007/01/18 v1.5 graphics configuration of teTeX/TeXLive
)
Package graphics Info: Driver file: pdftex.def on input line 91.
)
\Gin@req@height=\dimen170
\Gin@req@width=\dimen171
)
(C:\Users\Ahmed\AppData\Roaming\MiKTeX\2.9\tex\latex\pgf\systemlayer\pgfsys.sty
(C:\Users\Ahmed\AppData\Roaming\MiKTeX\2.9\tex\generic\pgf\systemlayer\pgfsys.code.tex
Package: pgfsys 2013/11/30 v3.0.0 (rcs-revision 1.47)

(C:\Users\Ahmed\AppData\Roaming\MiKTeX\2.9\tex\generic\pgf\utilities\pgfkeys.code.tex
\pgfkeys@pathtoks=\toks24
\pgfkeys@temptoks=\toks25

(C:\Users\Ahmed\AppData\Roaming\MiKTeX\2.9\tex\generic\pgf\utilities\pgfkeysfiltered.code.tex
\pgfkeys@tmptoks=\toks26
))
\pgf@x=\dimen172
\pgf@y=\dimen173
\pgf@xa=\dimen174
\pgf@ya=\dimen175
\pgf@xb=\dimen176
\pgf@yb=\dimen177
\pgf@xc=\dimen178
\pgf@yc=\dimen179
\w@pgf@writea=\write3
\r@pgf@reada=\read1
\c@pgf@counta=\count163
\c@pgf@countb=\count164
\c@pgf@countc=\count165
\c@pgf@countd=\count166
\t@pgf@toka=\toks27
\t@pgf@tokb=\toks28
\t@pgf@tokc=\toks29

(C:\Users\Ahmed\AppData\Roaming\MiKTeX\2.9\tex\generic\pgf\systemlayer\pgf.cfg
File: pgf.cfg 2008/05/14  (rcs-revision 1.7)
)
Driver file for pgf: pgfsys-pdftex.def

(C:\Users\Ahmed\AppData\Roaming\MiKTeX\2.9\tex\generic\pgf\systemlayer\pgfsys-pdftex.def
File: pgfsys-pdftex.def 2013/07/18  (rcs-revision 1.33)

(C:\Users\Ahmed\AppData\Roaming\MiKTeX\2.9\tex\generic\pgf\systemlayer\pgfsys-common-pdf.def
File: pgfsys-common-pdf.def 2013/10/10  (rcs-revision 1.13)
)))
(C:\Users\Ahmed\AppData\Roaming\MiKTeX\2.9\tex\generic\pgf\systemlayer\pgfsyssoftpath.code.tex
File: pgfsyssoftpath.code.tex 2013/09/09  (rcs-revision 1.9)
\pgfsyssoftpath@smallbuffer@items=\count167
\pgfsyssoftpath@bigbuffer@items=\count168
)
(C:\Users\Ahmed\AppData\Roaming\MiKTeX\2.9\tex\generic\pgf\systemlayer\pgfsysprotocol.code.tex
File: pgfsysprotocol.code.tex 2006/10/16  (rcs-revision 1.4)
))
(C:\Users\Ahmed\AppData\Roaming\MiKTeX\2.9\tex\generic\pgf\basiclayer\pgfcore.code.tex
Package: pgfcore 2010/04/11 v3.0.0 (rcs-revision 1.7)

(C:\Users\Ahmed\AppData\Roaming\MiKTeX\2.9\tex\generic\pgf\math\pgfmath.code.tex
(C:\Users\Ahmed\AppData\Roaming\MiKTeX\2.9\tex\generic\pgf\math\pgfmathcalc.code.tex
(C:\Users\Ahmed\AppData\Roaming\MiKTeX\2.9\tex\generic\pgf\math\pgfmathutil.code.tex)
(C:\Users\Ahmed\AppData\Roaming\MiKTeX\2.9\tex\generic\pgf\math\pgfmathparser.code.tex
\pgfmath@dimen=\dimen180
\pgfmath@count=\count169
\pgfmath@box=\box73
\pgfmath@toks=\toks30
\pgfmath@stack@operand=\toks31
\pgfmath@stack@operation=\toks32
)
(C:\Users\Ahmed\AppData\Roaming\MiKTeX\2.9\tex\generic\pgf\math\pgfmathfunctions.code.tex
(C:\Users\Ahmed\AppData\Roaming\MiKTeX\2.9\tex\generic\pgf\math\pgfmathfunctions.basic.code.tex)
(C:\Users\Ahmed\AppData\Roaming\MiKTeX\2.9\tex\generic\pgf\math\pgfmathfunctions.trigonometric.code.tex)
(C:\Users\Ahmed\AppData\Roaming\MiKTeX\2.9\tex\generic\pgf\math\pgfmathfunctions.random.code.tex)
(C:\Users\Ahmed\AppData\Roaming\MiKTeX\2.9\tex\generic\pgf\math\pgfmathfunctions.comparison.code.tex)
(C:\Users\Ahmed\AppData\Roaming\MiKTeX\2.9\tex\generic\pgf\math\pgfmathfunctions.base.code.tex)
(C:\Users\Ahmed\AppData\Roaming\MiKTeX\2.9\tex\generic\pgf\math\pgfmathfunctions.round.code.tex)
(C:\Users\Ahmed\AppData\Roaming\MiKTeX\2.9\tex\generic\pgf\math\pgfmathfunctions.misc.code.tex)
(C:\Users\Ahmed\AppData\Roaming\MiKTeX\2.9\tex\generic\pgf\math\pgfmathfunctions.integerarithmetics.code.tex)))
(C:\Users\Ahmed\AppData\Roaming\MiKTeX\2.9\tex\generic\pgf\math\pgfmathfloat.code.tex
\c@pgfmathroundto@lastzeros=\count170
))
(C:\Users\Ahmed\AppData\Roaming\MiKTeX\2.9\tex\generic\pgf\basiclayer\pgfcorepoints.code.tex
File: pgfcorepoints.code.tex 2013/10/07  (rcs-revision 1.27)
\pgf@picminx=\dimen181
\pgf@picmaxx=\dimen182
\pgf@picminy=\dimen183
\pgf@picmaxy=\dimen184
\pgf@pathminx=\dimen185
\pgf@pathmaxx=\dimen186
\pgf@pathminy=\dimen187
\pgf@pathmaxy=\dimen188
\pgf@xx=\dimen189
\pgf@xy=\dimen190
\pgf@yx=\dimen191
\pgf@yy=\dimen192
\pgf@zx=\dimen193
\pgf@zy=\dimen194
)
(C:\Users\Ahmed\AppData\Roaming\MiKTeX\2.9\tex\generic\pgf\basiclayer\pgfcorepathconstruct.code.tex
File: pgfcorepathconstruct.code.tex 2013/10/07  (rcs-revision 1.29)
\pgf@path@lastx=\dimen195
\pgf@path@lasty=\dimen196
)
(C:\Users\Ahmed\AppData\Roaming\MiKTeX\2.9\tex\generic\pgf\basiclayer\pgfcorepathusage.code.tex
File: pgfcorepathusage.code.tex 2013/12/13  (rcs-revision 1.23)
\pgf@shorten@end@additional=\dimen197
\pgf@shorten@start@additional=\dimen198
)
(C:\Users\Ahmed\AppData\Roaming\MiKTeX\2.9\tex\generic\pgf\basiclayer\pgfcorescopes.code.tex
File: pgfcorescopes.code.tex 2013/10/09  (rcs-revision 1.44)
\pgfpic=\box74
\pgf@hbox=\box75
\pgf@layerbox@main=\box76
\pgf@picture@serial@count=\count171
)
(C:\Users\Ahmed\AppData\Roaming\MiKTeX\2.9\tex\generic\pgf\basiclayer\pgfcoregraphicstate.code.tex
File: pgfcoregraphicstate.code.tex 2013/09/19  (rcs-revision 1.11)
\pgflinewidth=\dimen199
)
(C:\Users\Ahmed\AppData\Roaming\MiKTeX\2.9\tex\generic\pgf\basiclayer\pgfcoretransformations.code.tex
File: pgfcoretransformations.code.tex 2013/10/10  (rcs-revision 1.17)
\pgf@pt@x=\dimen200
\pgf@pt@y=\dimen201
Normal \dimen register pool exhausted, switching to extended pool.
\pgf@pt@temp=\dimen256
)
(C:\Users\Ahmed\AppData\Roaming\MiKTeX\2.9\tex\generic\pgf\basiclayer\pgfcorequick.code.tex
File: pgfcorequick.code.tex 2008/10/09  (rcs-revision 1.3)
)
(C:\Users\Ahmed\AppData\Roaming\MiKTeX\2.9\tex\generic\pgf\basiclayer\pgfcoreobjects.code.tex
File: pgfcoreobjects.code.tex 2006/10/11  (rcs-revision 1.2)
)
(C:\Users\Ahmed\AppData\Roaming\MiKTeX\2.9\tex\generic\pgf\basiclayer\pgfcorepathprocessing.code.tex
File: pgfcorepathprocessing.code.tex 2013/09/09  (rcs-revision 1.9)
)
(C:\Users\Ahmed\AppData\Roaming\MiKTeX\2.9\tex\generic\pgf\basiclayer\pgfcorearrows.code.tex
File: pgfcorearrows.code.tex 2013/11/07  (rcs-revision 1.40)
\pgfarrowsep=\dimen257
)
(C:\Users\Ahmed\AppData\Roaming\MiKTeX\2.9\tex\generic\pgf\basiclayer\pgfcoreshade.code.tex
File: pgfcoreshade.code.tex 2013/07/15  (rcs-revision 1.15)
\pgf@max=\dimen258
\pgf@sys@shading@range@num=\count172
)
(C:\Users\Ahmed\AppData\Roaming\MiKTeX\2.9\tex\generic\pgf\basiclayer\pgfcoreimage.code.tex
File: pgfcoreimage.code.tex 2013/07/15  (rcs-revision 1.18)

(C:\Users\Ahmed\AppData\Roaming\MiKTeX\2.9\tex\generic\pgf\basiclayer\pgfcoreexternal.code.tex
File: pgfcoreexternal.code.tex 2013/07/15  (rcs-revision 1.20)
\pgfexternal@startupbox=\box77
))
(C:\Users\Ahmed\AppData\Roaming\MiKTeX\2.9\tex\generic\pgf\basiclayer\pgfcorelayers.code.tex
File: pgfcorelayers.code.tex 2013/07/18  (rcs-revision 1.7)
)
(C:\Users\Ahmed\AppData\Roaming\MiKTeX\2.9\tex\generic\pgf\basiclayer\pgfcoretransparency.code.tex
File: pgfcoretransparency.code.tex 2013/09/30  (rcs-revision 1.5)
)
(C:\Users\Ahmed\AppData\Roaming\MiKTeX\2.9\tex\generic\pgf\basiclayer\pgfcorepatterns.code.tex
File: pgfcorepatterns.code.tex 2013/11/07  (rcs-revision 1.5)
)))
(C:\Users\Ahmed\AppData\Roaming\MiKTeX\2.9\tex\generic\pgf\modules\pgfmoduleshapes.code.tex
File: pgfmoduleshapes.code.tex 2013/10/31  (rcs-revision 1.34)
\pgfnodeparttextbox=\box78
)
(C:\Users\Ahmed\AppData\Roaming\MiKTeX\2.9\tex\generic\pgf\modules\pgfmoduleplot.code.tex
File: pgfmoduleplot.code.tex 2013/07/31  (rcs-revision 1.12)
)
(C:\Users\Ahmed\AppData\Roaming\MiKTeX\2.9\tex\latex\pgf\compatibility\pgfcomp-version-0-65.sty
Package: pgfcomp-version-0-65 2007/07/03 v3.0.0 (rcs-revision 1.7)
\pgf@nodesepstart=\dimen259
\pgf@nodesepend=\dimen260
)
(C:\Users\Ahmed\AppData\Roaming\MiKTeX\2.9\tex\latex\pgf\compatibility\pgfcomp-version-1-18.sty
Package: pgfcomp-version-1-18 2007/07/23 v3.0.0 (rcs-revision 1.1)
))
(C:\Users\Ahmed\AppData\Roaming\MiKTeX\2.9\tex\latex\pgf\utilities\pgffor.sty
(C:\Users\Ahmed\AppData\Roaming\MiKTeX\2.9\tex\latex\pgf\utilities\pgfkeys.sty
(C:\Users\Ahmed\AppData\Roaming\MiKTeX\2.9\tex\generic\pgf\utilities\pgfkeys.code.tex))
(C:\Users\Ahmed\AppData\Roaming\MiKTeX\2.9\tex\latex\pgf\math\pgfmath.sty
(C:\Users\Ahmed\AppData\Roaming\MiKTeX\2.9\tex\generic\pgf\math\pgfmath.code.tex))
(C:\Users\Ahmed\AppData\Roaming\MiKTeX\2.9\tex\generic\pgf\utilities\pgffor.code.tex
Package: pgffor 2013/12/13 v3.0.0 (rcs-revision 1.25)

(C:\Users\Ahmed\AppData\Roaming\MiKTeX\2.9\tex\generic\pgf\math\pgfmath.code.tex)
\pgffor@iter=\dimen261
\pgffor@skip=\dimen262
\pgffor@stack=\toks33
\pgffor@toks=\toks34
))
(C:\Users\Ahmed\AppData\Roaming\MiKTeX\2.9\tex\generic\pgf\frontendlayer\tikz\tikz.code.tex
Package: tikz 2013/12/13 v3.0.0 (rcs-revision 1.142)

(C:\Users\Ahmed\AppData\Roaming\MiKTeX\2.9\tex\generic\pgf\libraries\pgflibraryplothandlers.code.tex
File: pgflibraryplothandlers.code.tex 2013/08/31 v3.0.0 (rcs-revision 1.20)
\pgf@plot@mark@count=\count173
\pgfplotmarksize=\dimen263
)
\tikz@lastx=\dimen264
\tikz@lasty=\dimen265
\tikz@lastxsaved=\dimen266
\tikz@lastysaved=\dimen267
\tikzleveldistance=\dimen268
\tikzsiblingdistance=\dimen269
\tikz@figbox=\box79
\tikz@figbox@bg=\box80
\tikz@tempbox=\box81
\tikz@tempbox@bg=\box82
\tikztreelevel=\count174
\tikznumberofchildren=\count175
\tikznumberofcurrentchild=\count176
\tikz@fig@count=\count177

(C:\Users\Ahmed\AppData\Roaming\MiKTeX\2.9\tex\generic\pgf\modules\pgfmodulematrix.code.tex
File: pgfmodulematrix.code.tex 2013/09/17  (rcs-revision 1.8)
\pgfmatrixcurrentrow=\count178
\pgfmatrixcurrentcolumn=\count179
\pgf@matrix@numberofcolumns=\count180
)
\tikz@expandcount=\count181

(C:\Users\Ahmed\AppData\Roaming\MiKTeX\2.9\tex\generic\pgf\frontendlayer\tikz\libraries\tikzlibrarytopaths.code.tex
File: tikzlibrarytopaths.code.tex 2008/06/17 v3.0.0 (rcs-revision 1.2)
)))
(C:\Users\Ahmed\AppData\Roaming\MiKTeX\2.9\tex\latex\mdframed\md-frame-1.mdf
File: md-frame-1.mdf 2013/07/01\ 1.9b: md-frame-1
)
\mdf@frametitlebox=\box83
\mdf@footnotebox=\box84
\mdf@splitbox@one=\box85
\mdf@splitbox@two=\box86
\mdf@splitbox@save=\box87
\mdfsplitboxwidth=\skip102
\mdfsplitboxtotalwidth=\skip103
\mdfsplitboxheight=\skip104
\mdfsplitboxdepth=\skip105
\mdfsplitboxtotalheight=\skip106
\mdfframetitleboxwidth=\skip107
\mdfframetitleboxtotalwidth=\skip108
\mdfframetitleboxheight=\skip109
\mdfframetitleboxdepth=\skip110
\mdfframetitleboxtotalheight=\skip111
\mdffootnoteboxwidth=\skip112
\mdffootnoteboxtotalwidth=\skip113
\mdffootnoteboxheight=\skip114
\mdffootnoteboxdepth=\skip115
\mdffootnoteboxtotalheight=\skip116
\mdftotallinewidth=\skip117
\mdfboundingboxwidth=\skip118
\mdfboundingboxtotalwidth=\skip119
\mdfboundingboxheight=\skip120
\mdfboundingboxdepth=\skip121
\mdfboundingboxtotalheight=\skip122
\mdf@freevspace@length=\skip123
\mdf@horizontalwidthofbox@length=\skip124
\mdf@verticalmarginwhole@length=\skip125
\mdf@horizontalspaceofbox=\skip126
\mdfsubtitleheight=\skip127
\mdfsubsubtitleheight=\skip128
\c@mdfcountframes=\count182

****** mdframed patching \endmdf@trivlist

****** -- success******

.................................................
. LaTeX info: "xparse/define-command"
. 
. Defining command \newmdtheoremenv with sig. 'O{} m o m o ' on line 601.
.................................................
.................................................
. LaTeX info: "xparse/define-command"
. 
. Defining command \mdtheorem with sig. ' O{} m o m o ' on line 701.
.................................................
\mdf@envdepth=\count183
\c@mdf@env@i=\count184
\c@mdf@env@ii=\count185
\c@mdf@zref@counter=\count186
Package zref Info: New property: mdf@pagevalue on input line 895.
)
(C:\Users\Ahmed\Documents\GitHub\ethereum4\ethereum\Guides\minted.sty
Package: minted 2015/01/31 v2.0 Yet another Pygments shim for LaTeX

(C:\Users\Ahmed\AppData\Roaming\MiKTeX\2.9\tex\latex\fancyvrb\fancyvrb.sty
Package: fancyvrb 2008/02/07

Style option: `fancyvrb' v2.7a, with DG/SPQR fixes, and firstline=lastline fix <2008/02/07> (tvz)
\FV@CodeLineNo=\count187
\FV@InFile=\read2
\FV@TabBox=\box88
\c@FancyVerbLine=\count188
\FV@StepNumber=\count189
\FV@OutFile=\write4
)
("C:\Program Files\MiKTeX 2.9\tex\latex\float\float.sty"
Package: float 2001/11/08 v1.3d Float enhancements (AL)
\c@float@type=\count190
\float@exts=\toks35
\float@box=\box89
\@float@everytoks=\toks36
\@floatcapt=\box90
) ("C:\Program Files\MiKTeX 2.9\tex\latex\base\ifthen.sty"
Package: ifthen 2001/05/26 v1.1c Standard LaTeX ifthen package (DPC)
)
("C:\Program Files\MiKTeX 2.9\tex\latex\tools\calc.sty"
Package: calc 2007/08/22 v4.3 Infix arithmetic (KKT,FJ)
\calc@Acount=\count191
\calc@Bcount=\count192
\calc@Adimen=\dimen270
\calc@Bdimen=\dimen271
\calc@Askip=\skip129
\calc@Bskip=\skip130
LaTeX Info: Redefining \setlength on input line 76.
LaTeX Info: Redefining \addtolength on input line 77.
\calc@Ccount=\count193
\calc@Cskip=\skip131
)
(C:\Users\Ahmed\AppData\Roaming\MiKTeX\2.9\tex\latex\ifplatform\ifplatform.sty
Package: ifplatform 2010/10/22 v0.4 Testing for the operating system

("C:\Program Files\MiKTeX 2.9\tex\generic\oberdiek\catchfile.sty"
Package: catchfile 2011/03/01 v1.6 Catch the contents of a file (HO)
))
(C:\Users\Ahmed\AppData\Roaming\MiKTeX\2.9\tex\latex\xstring\xstring.sty
(C:\Users\Ahmed\AppData\Roaming\MiKTeX\2.9\tex\generic\xstring\xstring.tex
\@xs@message=\write5
\integerpart=\count194
\decimalpart=\count195
)
Package: xstring 2013/10/13  v1.7c  String manipulations (C Tellechea)
)
(C:\Users\Ahmed\AppData\Roaming\MiKTeX\2.9\tex\latex\lineno\lineno.sty
Package: lineno 2005/11/02 line numbers on paragraphs v4.41
\linenopenalty=\count196
\output=\toks37
\linenoprevgraf=\count197
\linenumbersep=\dimen272
\linenumberwidth=\dimen273
\c@linenumber=\count198
\c@pagewiselinenumber=\count199
\c@LN@truepage=\count200
\c@internallinenumber=\count201
Normal \count register pool exhausted, switching to extended pool.
\c@internallinenumbers=\count277
\quotelinenumbersep=\dimen274
\bframerule=\dimen275
\bframesep=\dimen276
\bframebox=\box91
LaTeX Info: Redefining \\ on input line 3056.
)
\minted@appexistsfile=\read3
\FV@BreakIndent=\dimen277
\FV@BreakSymbolSepLeft=\dimen278
\FV@BreakSymbolSepRight=\dimen279
\FV@BreakSymbolIndentLeft=\dimen280
\FV@BreakSymbolIndentRight=\dimen281
\c@FancyVerbLineBreakLast=\count278
\FV@LineBox=\box92
\FV@LineIndentBox=\box93
\minted@bgbox=\box94
\minted@code=\write6
\c@minted@FancyVerbLineTemp=\count279
\@float@every@listing=\toks38
\c@listing=\count280
)
runsystem(if not exist "_minted-tr-bitcoinworkshop" mkdir "_minted-tr-bitcoinworkshop")...executed.

runsystem(for ^%i in (pygmentize.exe pygmentize.bat pygmentize.cmd) do set >"tr-bitcoinworkshop.aex" <nul: /p x=^%~$PATH
:i>>"tr-bitcoinworkshop.aex")...executed.

runsystem(del "tr-bitcoinworkshop.aex")...executed.


(C:\Users\Ahmed\Documents\GitHub\ethereum4\ethereum\Guides\_minted-tr-bitcoinworkshop/default.pygstyle)
("C:\Program Files\MiKTeX 2.9\tex\latex\hyperref\hyperref.sty"
Package: hyperref 2012/11/06 v6.83m Hypertext links for LaTeX

("C:\Program Files\MiKTeX 2.9\tex\generic\oberdiek\hobsub-hyperref.sty"
Package: hobsub-hyperref 2012/04/25 v1.12 Bundle oberdiek, subset hyperref (HO)

("C:\Program Files\MiKTeX 2.9\tex\generic\oberdiek\hobsub-generic.sty"
Package: hobsub-generic 2012/04/25 v1.12 Bundle oberdiek, subset generic (HO)
Package: hobsub 2012/04/25 v1.12 Construct package bundles (HO)
Package hobsub Info: Skipping package `infwarerr' (already loaded).
Package hobsub Info: Skipping package `ltxcmds' (already loaded).
Package hobsub Info: Skipping package `ifluatex' (already loaded).
Package: ifvtex 2010/03/01 v1.5 Detect VTeX and its facilities (HO)
Package ifvtex Info: VTeX not detected.
Package: intcalc 2007/09/27 v1.1 Expandable calculations with integers (HO)
Package hobsub Info: Skipping package `ifpdf' (already loaded).
Package hobsub Info: Skipping package `etexcmds' (already loaded).
Package hobsub Info: Skipping package `kvsetkeys' (already loaded).
Package hobsub Info: Skipping package `kvdefinekeys' (already loaded).
Package hobsub Info: Skipping package `pdftexcmds' (already loaded).
Package: pdfescape 2011/11/25 v1.13 Implements pdfTeX's escape features (HO)
Package: bigintcalc 2012/04/08 v1.3 Expandable calculations on big integers (HO)
Package: bitset 2011/01/30 v1.1 Handle bit-vector datatype (HO)
Package: uniquecounter 2011/01/30 v1.2 Provide unlimited unique counter (HO)
)
Package hobsub Info: Skipping package `hobsub' (already loaded).
Package: letltxmacro 2010/09/02 v1.4 Let assignment for LaTeX macros (HO)
Package: hopatch 2011/06/24 v1.1 Wrapper for package hooks (HO)
Package: xcolor-patch 2011/01/30 xcolor patch
Package: atveryend 2011/06/30 v1.8 Hooks at the very end of document (HO)
Package hobsub Info: Skipping package `atbegshi' (already loaded).
Package: refcount 2011/10/16 v3.4 Data extraction from label references (HO)
Package: hycolor 2011/01/30 v1.7 Color options for hyperref/bookmark (HO)
)
("C:\Program Files\MiKTeX 2.9\tex\generic\ifxetex\ifxetex.sty"
Package: ifxetex 2010/09/12 v0.6 Provides ifxetex conditional
)
\@linkdim=\dimen282
\Hy@linkcounter=\count281
\Hy@pagecounter=\count282

("C:\Program Files\MiKTeX 2.9\tex\latex\hyperref\pd1enc.def"
File: pd1enc.def 2012/11/06 v6.83m Hyperref: PDFDocEncoding definition (HO)
)
\Hy@SavedSpaceFactor=\count283

("C:\Program Files\MiKTeX 2.9\tex\latex\00miktex\hyperref.cfg"
File: hyperref.cfg 2002/06/06 v1.2 hyperref configuration of TeXLive
)
Package hyperref Info: Hyper figures OFF on input line 4443.
Package hyperref Info: Link nesting OFF on input line 4448.
Package hyperref Info: Hyper index ON on input line 4451.
Package hyperref Info: Plain pages OFF on input line 4458.
Package hyperref Info: Backreferencing OFF on input line 4463.
Package hyperref Info: Implicit mode ON; LaTeX internals redefined.
Package hyperref Info: Bookmarks ON on input line 4688.
\c@Hy@tempcnt=\count284

(C:\Users\Ahmed\AppData\Roaming\MiKTeX\2.9\tex\latex\url\url.sty
\Urlmuskip=\muskip16
Package: url 2013/09/16  ver 3.4  Verb mode for urls, etc.
)
LaTeX Info: Redefining \url on input line 5041.
\XeTeXLinkMargin=\dimen283
\Fld@menulength=\count285
\Field@Width=\dimen284
\Fld@charsize=\dimen285
Package hyperref Info: Hyper figures OFF on input line 6295.
Package hyperref Info: Link nesting OFF on input line 6300.
Package hyperref Info: Hyper index ON on input line 6303.
Package hyperref Info: backreferencing OFF on input line 6310.
Package hyperref Info: Link coloring OFF on input line 6315.
Package hyperref Info: Link coloring with OCG OFF on input line 6320.
Package hyperref Info: PDF/A mode OFF on input line 6325.
LaTeX Info: Redefining \ref on input line 6365.
LaTeX Info: Redefining \pageref on input line 6369.
\Hy@abspage=\count286
\c@Item=\count287
\c@Hfootnote=\count288
)

Package hyperref Message: Driver (autodetected): hpdftex.

("C:\Program Files\MiKTeX 2.9\tex\latex\hyperref\hpdftex.def"
File: hpdftex.def 2012/11/06 v6.83m Hyperref driver for pdfTeX
\HyAnn@Count=\count289
\Fld@listcount=\count290
\c@bookmark@seq@number=\count291

("C:\Program Files\MiKTeX 2.9\tex\latex\oberdiek\rerunfilecheck.sty"
Package: rerunfilecheck 2011/04/15 v1.7 Rerun checks for auxiliary files (HO)
Package uniquecounter Info: New unique counter `rerunfilecheck' on input line 282.
)
\Hy@SectionHShift=\skip132
)
(C:\Users\Ahmed\Documents\GitHub\ethereum4\ethereum\Guides\tr-bitcoinworkshop.aux)
LaTeX Font Info:    Checking defaults for OML/cmm/m/it on input line 29.
LaTeX Font Info:    ... okay on input line 29.
LaTeX Font Info:    Checking defaults for T1/cmr/m/n on input line 29.
LaTeX Font Info:    ... okay on input line 29.
LaTeX Font Info:    Checking defaults for OT1/cmr/m/n on input line 29.
LaTeX Font Info:    ... okay on input line 29.
LaTeX Font Info:    Checking defaults for OMS/cmsy/m/n on input line 29.
LaTeX Font Info:    ... okay on input line 29.
LaTeX Font Info:    Checking defaults for OMX/cmex/m/n on input line 29.
LaTeX Font Info:    ... okay on input line 29.
LaTeX Font Info:    Checking defaults for U/cmr/m/n on input line 29.
LaTeX Font Info:    ... okay on input line 29.
LaTeX Font Info:    Checking defaults for PD1/pdf/m/n on input line 29.
LaTeX Font Info:    ... okay on input line 29.
\c@lstlisting=\count292

(C:\Users\Ahmed\AppData\Roaming\MiKTeX\2.9\tex\context\base\supp-pdf.mkii
[Loading MPS to PDF converter (version 2006.09.02).]
\scratchcounter=\count293
\scratchdimen=\dimen286
\scratchbox=\box95
\nofMPsegments=\count294
\nofMParguments=\count295
\everyMPshowfont=\toks39
\MPscratchCnt=\count296
\MPscratchDim=\dimen287
\MPnumerator=\count297
\makeMPintoPDFobject=\count298
\everyMPtoPDFconversion=\toks40
)
\AtBeginShipoutBox=\box96
 ABD: EveryShipout initializing macros
Package hyperref Info: Link coloring OFF on input line 29.
 ("C:\Program Files\MiKTeX 2.9\tex\latex\hyperref\nameref.sty"
Package: nameref 2012/10/27 v2.43 Cross-referencing by name of section

("C:\Program Files\MiKTeX 2.9\tex\generic\oberdiek\gettitlestring.sty"
Package: gettitlestring 2010/12/03 v1.4 Cleanup title references (HO)
)
\c@section@level=\count299
)
LaTeX Info: Redefining \ref on input line 29.
LaTeX Info: Redefining \pageref on input line 29.
LaTeX Info: Redefining \nameref on input line 29.

(C:\Users\Ahmed\Documents\GitHub\ethereum4\ethereum\Guides\tr-bitcoinworkshop.out)
(C:\Users\Ahmed\Documents\GitHub\ethereum4\ethereum\Guides\tr-bitcoinworkshop.out)
\@outlinefile=\write7
LaTeX Font Info:    External font `cmex10' loaded for size
(Font)              <7> on input line 53.
LaTeX Font Info:    External font `cmex10' loaded for size
(Font)              <5> on input line 53.

Overfull \hbox (1.17578pt too wide) in paragraph at lines 59--65
\OT1/cmr/m/n/9 pro-gram-ming to un-der-grad-u-ate stu-dents at the Uni-ver-sity of [anonymized
 []

[1

{C:/Users/Ahmed/AppData/Local/MiKTeX/2.9/pdftex/config/pdftex.map}] <overview_figure.pdf, id=37, 963.6pt x 650.43pt>
File: overview_figure.pdf Graphic file (type pdf)

<use overview_figure.pdf>
Package pdftex.def Info: overview_figure.pdf used on input line 245.
(pdftex.def)             Requested size: 242.98541pt x 164.00648pt.
 [2]
Underfull \vbox (badness 8075) has occurred while \output is active []

 [3 <C:/Users/Ahmed/Documents/GitHub/ethereum4/ethereum/Guides/overview_figure.pdf>]
Overfull \hbox (6.51587pt too wide) in paragraph at lines 312--320
[]\OT1/cmr/m/n/10 As shown in Fig-ure []1[], a con-tract's stor-age file is stored on the pub-lic blockchain.
 []

[4]
Package mdframed Info: mdframed works in twoside mode on input line 380.

(C:\Users\Ahmed\Documents\GitHub\ethereum4\ethereum\Guides\_minted-tr-bitcoinworkshop/87F98680D33D88D8EF7B73D1808A50D2D7
E5661BA3934199D392A31843D58F29.pygtex
LaTeX Font Info:    Font shape `OT1/cmtt/bx/n' in size <9> not available
(Font)              Font shape `OT1/cmtt/m/n' tried instead on input line 8.
)
Package mdframed Info: mdframed inside float 
 mdframed uses option nobreak mdframed on input line 395.
Package mdframed Info: mdframed inside a box 
 mdframed uses option nobreak mdframed on input line 395.
 [5] [6]
Package mdframed Info: mdframed works in twoside mode on input line 610.

(C:\Users\Ahmed\Documents\GitHub\ethereum4\ethereum\Guides\_minted-tr-bitcoinworkshop/147FB3E58563C8227208FA5207238C80D7
E5661BA3934199D392A31843D58F29.pygtex)
Package mdframed Info: mdframed inside float 
 mdframed uses option nobreak mdframed on input line 649.
Package mdframed Info: mdframed inside a box 
 mdframed uses option nobreak mdframed on input line 649.
 [7] [8]
Package mdframed Info: mdframed works in twoside mode on input line 790.

(C:\Users\Ahmed\Documents\GitHub\ethereum4\ethereum\Guides\_minted-tr-bitcoinworkshop/5A483CE8A23B9D94F37621D2638B8843D7
E5661BA3934199D392A31843D58F29.pygtex)
Package mdframed Info: mdframed inside float 
 mdframed uses option nobreak mdframed on input line 832.
Package mdframed Info: mdframed inside a box 
 mdframed uses option nobreak mdframed on input line 832.
LaTeX Font Info:    External font `cmex10' loaded for size
(Font)              <9> on input line 833.
LaTeX Font Info:    External font `cmex10' loaded for size
(Font)              <6> on input line 833.
Package mdframed Info: mdframed works in twoside mode on input line 842.

(C:\Users\Ahmed\Documents\GitHub\ethereum4\ethereum\Guides\_minted-tr-bitcoinworkshop/52BFCE01AAB7B0CFDD30F38D1198A7CDD7
E5661BA3934199D392A31843D58F29.pygtex)
Package mdframed Info: mdframed inside float 
 mdframed uses option nobreak mdframed on input line 865.
Package mdframed Info: mdframed inside a box 
 mdframed uses option nobreak mdframed on input line 865.


LaTeX Warning: `h' float specifier changed to `ht'.

[9] [10]
Package mdframed Info: mdframed works in twoside mode on input line 909.

(C:\Users\Ahmed\Documents\GitHub\ethereum4\ethereum\Guides\_minted-tr-bitcoinworkshop/904942004CCEBE25746507F4E540BB3BD7
E5661BA3934199D392A31843D58F29.pygtex)
Package mdframed Info: mdframed inside float 
 mdframed uses option nobreak mdframed on input line 945.
Package mdframed Info: mdframed inside a box 
 mdframed uses option nobreak mdframed on input line 945.
 [11] [12] [13]
Overfull \hbox (2.0716pt too wide) in paragraph at lines 1245--1249
[]\OT1/cmr/m/n/10 Finally, [anonymized et al.] pro-pose a gen-eral for-mal model for the ``blockchain
 []

(C:\Users\Ahmed\Documents\GitHub\ethereum4\ethereum\Guides\tr-bitcoinworkshop.bbl [14]
Underfull \hbox (badness 1024) in paragraph at lines 25--28
[]\OT1/cmr/m/n/9 Marcin Andrychow-icz, Ste-fan Dziem-bowski, Daniel Ma-li-nowski, and Lukasz
 []

Missing character: There is no â in font cmr9!
Missing character: There is no € in font cmr9!
Missing character: There is no ” in font cmr9!
)
runsystem(del "tr-bitcoinworkshop.pyg")...executed.

 [15]
Package atveryend Info: Empty hook `BeforeClearDocument' on input line 1304.
Package atveryend Info: Empty hook `AfterLastShipout' on input line 1304.
 (C:\Users\Ahmed\Documents\GitHub\ethereum4\ethereum\Guides\tr-bitcoinworkshop.aux)
Package atveryend Info: Executing hook `AtVeryEndDocument' on input line 1304.
Package atveryend Info: Executing hook `AtEndAfterFileList' on input line 1304.
Package rerunfilecheck Info: File `tr-bitcoinworkshop.out' has not changed.
(rerunfilecheck)             Checksum: 0D8BDC3047EF130DABE36250E6493810;135.


LaTeX Warning: Label(s) may have changed. Rerun to get cross-references right.

 ) 
Here is how much of TeX's memory you used:
 26256 strings out of 493921
 506391 string characters out of 3147283
 608565 words of memory out of 3000000
 29084 multiletter control sequences out of 15000+200000
 10162 words of font info for 37 fonts, out of 3000000 for 9000
 841 hyphenation exceptions out of 8191
 67i,14n,73p,10425b,1005s stack positions out of 5000i,500n,10000p,200000b,50000s
<C:/Program Files/MiKTeX 2.9/fonts/type1/public/amsfonts/cm/cmbx10.pfb><C:/Program Files/MiKTeX 2.9/fonts/type1/public
/amsfonts/cm/cmbx12.pfb><C:/Program Files/MiKTeX 2.9/fonts/type1/public/amsfonts/cm/cmbx9.pfb><C:/Program Files/MiKTeX 2
.9/fonts/type1/public/amsfonts/cm/cmitt10.pfb><C:/Program Files/MiKTeX 2.9/fonts/type1/public/amsfonts/cm/cmmi10.pfb><C:
/Program Files/MiKTeX 2.9/fonts/type1/public/amsfonts/cm/cmmi5.pfb><C:/Program Files/MiKTeX 2.9/fonts/type1/public/amsfo
nts/cm/cmr10.pfb><C:/Program Files/MiKTeX 2.9/fonts/type1/public/amsfonts/cm/cmr5.pfb><C:/Program Files/MiKTeX 2.9/fonts
/type1/public/amsfonts/cm/cmr9.pfb><C:/Program Files/MiKTeX 2.9/fonts/type1/public/amsfonts/cm/cmss10.pfb><C:/Program Fi
les/MiKTeX 2.9/fonts/type1/public/amsfonts/cm/cmsy5.pfb><C:/Program Files/MiKTeX 2.9/fonts/type1/public/amsfonts/cm/cmti
10.pfb><C:/Program Files/MiKTeX 2.9/fonts/type1/public/amsfonts/cm/cmti9.pfb><C:/Program Files/MiKTeX 2.9/fonts/type1/pu
blic/amsfonts/cm/cmtt10.pfb><C:/Program Files/MiKTeX 2.9/fonts/type1/public/amsfonts/cm/cmtt9.pfb>
Output written on tr-bitcoinworkshop.pdf (15 pages, 478046 bytes).
PDF statistics:
 340 PDF objects out of 1000 (max. 8388607)
 63 named destinations out of 1000 (max. 500000)
 26 words of extra memory for PDF output out of 10000 (max. 10000000)

